{
  "RSpec": {
    "coverage": {
      "/Users/kn/Projects/mod3/solo_projects/whether_sweater/app/facades/weather_facade.rb": {
        "lines": [
          1,
          null,
          1,
          null,
          1,
          3,
          3,
          2,
          null,
          2,
          null,
          null,
          null,
          null,
          null,
          null,
          null,
          null,
          1,
          3,
          null,
          null,
          null,
          null,
          null,
          null,
          null,
          null,
          null,
          null,
          null,
          null,
          null,
          1,
          3,
          144,
          null,
          null,
          null,
          null,
          null,
          null,
          3,
          null,
          null,
          1,
          3,
          24,
          null,
          null,
          null,
          null,
          null,
          null,
          null,
          null,
          null,
          3,
          null,
          null
        ]
      },
      "/Users/kn/Projects/mod3/solo_projects/whether_sweater/app/facades/road_trip_facade.rb": {
        "lines": [
          1,
          1,
          4,
          null,
          4,
          3,
          null,
          null,
          null,
          null,
          null,
          null,
          null,
          null,
          1,
          4,
          null,
          4,
          null,
          3,
          null,
          null,
          null,
          null,
          null,
          3,
          null,
          null,
          1,
          3,
          1,
          null,
          2,
          null,
          null,
          null,
          1,
          3,
          3,
          null,
          null,
          1,
          1,
          1,
          1,
          8,
          3,
          3,
          null,
          null,
          1,
          null,
          null,
          null,
          null,
          null,
          1,
          2,
          2,
          2,
          96,
          17,
          17,
          null,
          null,
          2,
          null,
          null,
          null,
          null,
          null,
          null
        ]
      },
      "/Users/kn/Projects/mod3/solo_projects/whether_sweater/app/facades/salaries_facade.rb": {
        "lines": [
          1,
          null,
          1,
          3,
          null,
          null,
          null,
          null,
          null,
          null,
          null,
          null,
          1,
          4,
          4,
          4,
          4,
          28,
          1456,
          24,
          null,
          null,
          null,
          null,
          null,
          null,
          null,
          4,
          null,
          null,
          1,
          4,
          4,
          4,
          null,
          null,
          null,
          null,
          null,
          null,
          null
        ]
      },
      "/Users/kn/Projects/mod3/solo_projects/whether_sweater/app/models/user.rb": {
        "lines": [
          1,
          null,
          1,
          1,
          null,
          1,
          1,
          null,
          1,
          2,
          2,
          2,
          null,
          null,
          null,
          null,
          null,
          null,
          1,
          2,
          null,
          2,
          null,
          null,
          null,
          null,
          null,
          null
        ]
      },
      "/Users/kn/Projects/mod3/solo_projects/whether_sweater/app/models/application_record.rb": {
        "lines": [
          1,
          1,
          null
        ]
      },
      "/Users/kn/Projects/mod3/solo_projects/whether_sweater/app/services/city_service.rb": {
        "lines": [
          1,
          null,
          1,
          15,
          15,
          15,
          null,
          null,
          15,
          12,
          null,
          null,
          1,
          14,
          14,
          null,
          null,
          1,
          6,
          6,
          null,
          null,
          1,
          5,
          5,
          null,
          null,
          1,
          null,
          1,
          15,
          null,
          null,
          1,
          52,
          null,
          null,
          null
        ]
      },
      "/Users/kn/Projects/mod3/solo_projects/whether_sweater/app/services/weather_service.rb": {
        "lines": [
          1,
          1,
          14,
          14,
          14,
          14,
          14,
          null,
          null,
          14,
          null,
          null,
          1,
          14,
          null,
          null,
          1,
          14,
          null,
          null
        ]
      },
      "/Users/kn/Projects/mod3/solo_projects/whether_sweater/app/services/map_quest_service.rb": {
        "lines": [
          1,
          null,
          1,
          8,
          8,
          null,
          null,
          8,
          7,
          null,
          null,
          null,
          1,
          4,
          4,
          4,
          null,
          null,
          4,
          3,
          null,
          null,
          1,
          null,
          1,
          12,
          null,
          null,
          1,
          17,
          null,
          null,
          null
        ]
      },
      "/Users/kn/Projects/mod3/solo_projects/whether_sweater/app/facades/images_facade.rb": {
        "lines": [
          1,
          null,
          1,
          null,
          1,
          3,
          3,
          2,
          null,
          null,
          null,
          null,
          null,
          null,
          null,
          null,
          1,
          2,
          null,
          null,
          null,
          null,
          null
        ]
      },
      "/Users/kn/Projects/mod3/solo_projects/whether_sweater/app/services/images_service.rb": {
        "lines": [
          1,
          1,
          5,
          5,
          5,
          5,
          5,
          5,
          null,
          null,
          5,
          null,
          4,
          null,
          null,
          1,
          4,
          4,
          3,
          3,
          3,
          3,
          3,
          3,
          3,
          null,
          3,
          null,
          null,
          1,
          8,
          null,
          null,
          1,
          17,
          null,
          null
        ]
      },
      "/Users/kn/Projects/mod3/solo_projects/whether_sweater/app/models/api_key.rb": {
        "lines": [
          1,
          1,
          null
        ]
      },
      "/Users/kn/Projects/mod3/solo_projects/whether_sweater/app/controllers/api/v1/images_controller.rb": {
        "lines": [
          1,
          1,
          1,
          2,
          2,
          1,
          null,
          1,
          null,
          null,
          null,
          1,
          null,
          null,
          null
        ]
      },
      "/Users/kn/Projects/mod3/solo_projects/whether_sweater/app/controllers/application_controller.rb": {
        "lines": [
          1,
          1,
          null,
          1,
          2,
          null,
          2,
          null,
          null,
          null,
          1,
          null,
          7,
          null,
          null,
          null,
          null,
          null,
          1,
          4,
          null,
          null,
          null,
          null,
          null,
          1,
          3,
          null,
          null,
          null,
          null,
          null,
          1,
          9,
          1,
          null,
          null,
          8,
          4,
          null,
          null,
          null
        ]
      },
      "/Users/kn/Projects/mod3/solo_projects/whether_sweater/app/serializers/image_serializer.rb": {
        "lines": [
          1,
          1,
          1,
          null
        ]
      },
      "/Users/kn/Projects/mod3/solo_projects/whether_sweater/app/controllers/api/v1/road_trip_controller.rb": {
        "lines": [
          1,
          1,
          1,
          null,
          null,
          null,
          1,
          3,
          3,
          3,
          3,
          1,
          null,
          2,
          2,
          null,
          null,
          null,
          null,
          null,
          null,
          null
        ]
      },
      "/Users/kn/Projects/mod3/solo_projects/whether_sweater/app/controllers/concerns/api_key_authenticatable.rb": {
        "lines": [
          1,
          1,
          null,
          null,
          null,
          null,
          1,
          null,
          null,
          null,
          1,
          8,
          null,
          8,
          4,
          3,
          3,
          null,
          1,
          null,
          null,
          null,
          null,
          null,
          null,
          null,
          null,
          null,
          null,
          1,
          null,
          1,
          8,
          1,
          null,
          null,
          7,
          null,
          5,
          1,
          null,
          null,
          4,
          null,
          null,
          null,
          null,
          null,
          null,
          null,
          null,
          null,
          null,
          null,
          null,
          null,
          null
        ]
      },
      "/Users/kn/Projects/mod3/solo_projects/whether_sweater/app/serializers/roadtrip_serializer.rb": {
        "lines": [
          1,
          1,
          1,
          null
        ]
      },
      "/Users/kn/Projects/mod3/solo_projects/whether_sweater/app/controllers/api/v1/salaries_controller.rb": {
        "lines": [
          1,
          1,
          3,
          2,
          2,
          2,
          2,
          null,
          1,
          null,
          null,
          null
        ]
      },
      "/Users/kn/Projects/mod3/solo_projects/whether_sweater/app/serializers/salaries_serializer.rb": {
        "lines": [
          1,
          1,
          1,
          null
        ]
      },
      "/Users/kn/Projects/mod3/solo_projects/whether_sweater/app/controllers/api/v1/users/sessions_controller.rb": {
        "lines": [
          null,
          null,
          1,
          null,
          1,
          3,
          3,
          1,
          1,
          1,
          null,
          2,
          null,
          null,
          null,
          null
        ]
      },
      "/Users/kn/Projects/mod3/solo_projects/whether_sweater/app/controllers/api/v1/users_controller.rb": {
        "lines": [
          1,
          1,
          5,
          3,
          null,
          null,
          2,
          2,
          null,
          2,
          null,
          2,
          1,
          1,
          1,
          null,
          1,
          null,
          null,
          null,
          1,
          null,
          1,
          4,
          null,
          null
        ]
      },
      "/Users/kn/Projects/mod3/solo_projects/whether_sweater/app/serializers/users_serializer.rb": {
        "lines": [
          1,
          1,
          1,
          null
        ]
      },
      "/Users/kn/Projects/mod3/solo_projects/whether_sweater/app/controllers/api/v1/weather_controller.rb": {
        "lines": [
          1,
          1,
          1,
          2,
          2,
          1,
          null,
          1,
          null,
          null,
          null
        ]
      },
      "/Users/kn/Projects/mod3/solo_projects/whether_sweater/app/serializers/forecast_serializer.rb": {
        "lines": [
          1,
          1,
          1,
          null
        ]
      },
      "/Users/kn/Projects/mod3/solo_projects/whether_sweater/app/controllers/api_keys_controller.rb": {
        "lines": [
          null,
          null,
          null,
          null,
          null,
          null,
          null,
          null,
          null,
          null,
          null,
          null,
          null,
          null,
          null,
          null,
          null,
          null,
          null,
          null,
          null,
          null,
          null,
          null,
          null,
          null,
          null,
          null
        ],
        "branches": {
        }
      }
    },
    "timestamp": 1619566942
  }
}
